Arguments: 
  /usr/local/Cellar/node/8.1.2/bin/node /usr/local/bin/yarn start

PATH: 
  /usr/local/bin:/usr/bin:/bin:/usr/sbin:/sbin

Yarn version: 
  1.5.1

Node version: 
  8.1.2

Platform: 
  darwin x64

npm manifest: 
  {
    "name": "mango-music",
    "version": "0.1.0",
    "description": "Mango Music",
    "author": "mcx",
    "private": true,
    "scripts": {
      "start": "node scripts/customized-build start",
      "build": "node scripts/customized-build build",
      "test": "react-scripts test --env=jsdom",
      "eject": "react-scripts eject"
    },
    "dependencies": {
      "react": "^16.2.0",
      "react-dom": "^16.2.0",
      "react-router-dom": "^4.2.2",
      "react-scripts": "1.0.17"
    },
    "devDependencies": {
      "poststylus": "^1.0.0",
      "proxyquire": "^1.8.0",
      "rewire": "^3.0.2",
      "stylus": "^0.54.5",
      "stylus-loader": "^3.0.1"
    }
  }

yarn manifest: 
  No manifest

Lockfile: 
  No lockfile

Trace: 
  Error: Command failed.
  Exit code: 1
  Command: sh
  Arguments: -c node scripts/customized-build start
  Directory: /Users/subang/react/one-app
  Output:
  
      at ProcessTermError.MessageError (/usr/local/lib/node_modules/yarn/lib/cli.js:186:110)
      at new ProcessTermError (/usr/local/lib/node_modules/yarn/lib/cli.js:226:113)
      at ChildProcess.<anonymous> (/usr/local/lib/node_modules/yarn/lib/cli.js:30281:17)
      at emitTwo (events.js:125:13)
      at ChildProcess.emit (events.js:213:7)
      at maybeClose (internal/child_process.js:897:16)
      at Process.ChildProcess._handle.onexit (internal/child_process.js:208:5)
